[INFO] logger started at Sun Nov 19 15:34:26 PST 2017
[INFO] executable name: /private/var/folders/p0/1yy6w6md5j11blf8p0_zfqt0r07vrv/T/AppTranslocation/81F5D433-B134-4300-A7F6-22B5939AFF76/d/JDownloader Installer.app
[INFO] install4j version: 5.1.15 (build 5739)
[INFO] Properties: 
-- listing properties --
java.runtime.name=Java(TM) SE Runtime Environment
exe4j.moduleName=/private/var/folders/p0/1yy6w6md5j11b...
sun.boot.library.path=/Library/Internet Plug-Ins/JavaApplet...
java.vm.version=25.144-b01
user.country.format=BA
i4j.jreBundle=/Library/Internet Plug-Ins/JavaApplet...
gopherProxySet=false
java.vm.vendor=Oracle Corporation
java.vendor.url=http://java.oracle.com/
path.separator=:
java.vm.name=Java HotSpot(TM) 64-Bit Server VM
file.encoding.pkg=sun.io
user.country=US
sun.java.launcher=SUN_STANDARD
sun.os.patch.level=unknown
install4j.exeDir=/private/var/folders/p0/1yy6w6md5j11b...
java.vm.specification.name=Java Virtual Machine Specification
user.dir=/private/var/folders/p0/1yy6w6md5j11b...
java.runtime.version=1.8.0_144-b01
java.awt.graphicsenv=sun.awt.CGraphicsEnvironment
i4j.ownBundlePath=/private/var/folders/p0/1yy6w6md5j11b...
java.endorsed.dirs=/Library/Internet Plug-Ins/JavaApplet...
os.arch=x86_64
java.io.tmpdir=/var/folders/p0/1yy6w6md5j11blf8p0_zf...
line.separator=

java.vm.specification.vendor=Oracle Corporation
os.name=Mac OS X
sun.java2d.noddraw=true
sun.jnu.encoding=UTF-8
java.library.path=/Users/emir/Library/Java/Extensions:/...
sun.awt.enableExtraMouseButtons=true
java.specification.name=Java Platform API Specification
java.class.version=52.0
sun.management.compiler=HotSpot 64-Bit Tiered Compilers
os.version=10.12.6
http.nonProxyHosts=local|*.local|169.254/16|*.169.254/16
user.home=/Users/emir
user.timezone=America/Los_Angeles
java.awt.printerjob=sun.lwawt.macosx.CPrinterJob
java.specification.version=1.8
file.encoding=UTF-8
user.name=emir
java.class.path=/private/var/folders/p0/1yy6w6md5j11b...
java.vm.specification.version=1.8
sun.arch.data.model=64
java.home=/Library/Internet Plug-Ins/JavaApplet...
sun.java.command=com.install4j.runtime.launcher.MacLau...
java.specification.vendor=Oracle Corporation
user.language=en
awt.toolkit=sun.lwawt.macosx.LWCToolkit
java.vm.info=mixed mode
java.version=1.8.0_144
java.ext.dirs=/Users/emir/Library/Java/Extensions:/...
sun.boot.class.path=/Library/Internet Plug-Ins/JavaApplet...
java.vendor=Oracle Corporation
install4j.appDir=/private/var/folders/p0/1yy6w6md5j11b...
file.separator=/
java.vendor.url.bug=http://bugreport.sun.com/bugreport/
sun.cpu.endian=little
sun.io.unicode.encoding=UnicodeBig
sun.font.fontmanager=sun.font.CFontManager
socksNonProxyHosts=local|*.local|169.254/16|*.169.254/16
ftp.nonProxyHosts=local|*.local|169.254/16|*.169.254/16
sun.cpu.isalist=
[INFO] com.install4j.runtime.installer.platform.macos.VolumeInfo: image: /Users/emir/Downloads/JD2Setup.dmg, mountPoint: /Volumes/jd2
[INFO] System language 'en'
[INFO] com.install4j.runtime.beans.actions.control.RunScriptAction [ID 6690]: Execute action
       Property script: I4jScript_Internal_742
       Property rollbackSupported: false
       Property rollbackScript: null
       Execute action successful after 1 ms
[INFO] com.install4j.runtime.beans.actions.misc.RequestPrivilegesAction [ID 13]: Execute action
       Property allRequested: false
       Property failIfNotObtainedMac: true
       Property failIfNotObtainedWin: true
       Property failIfNotRootUnix: false
       Property obtainIfAdminMac: false
       Property obtainIfAdminWin: true
       Property obtainIfNormalMac: false
       Property obtainIfNormalWin: true
       Property rollbackSupported: false
       Execute action successful after 6 ms
[INFO] com.install4j.runtime.beans.actions.control.RunScriptAction [ID 6619]: Execute action
       Property script: I4jScript_Internal_743
       Property rollbackSupported: false
       Property rollbackScript: null
       Variable changed: proxylist=[][class java.util.ArrayList]
       Execute action successful after 63 ms
[INFO] org.appwork.install4j.DebugSupportAction [ID 8047]: Execute action
       Property rollbackSupported: true
       Execute action successful after 0 ms
[INFO] org.appwork.install4j.ReadVarFileAction [ID 8048]: Execute action
       Property rollbackSupported: true
[ERROR] org.appwork.install4j.ReadVarFileAction [ID 8048]: Execute action not successful after 0 ms
[INFO] org.appwork.install4j.AutosetInstallDirAction [ID 5591]: Execute action
       Property rollbackSupported: true
       Variable changed: sys.installationDir=/Users/emir/bin/JDownloader 2.0[class java.lang.String]
       Execute action successful after 8 ms
[INFO] org.appwork.install4j.WebLogger [ID 7215]: Execute action
       Property path: null
       Property action: none/started
       Property proxyVoleEnabled: true
       Property rollbackSupported: true
       Variable changed: logID=d60c95bc9be0270a10f13928e55b0fae[class java.lang.String]
       Execute action successful after 46 ms
[INFO] com.install4j.runtime.beans.actions.control.RunScriptAction [ID 8046]: Execute action
       Property script: I4jScript_Internal_745
       Property rollbackSupported: false
       Property rollbackScript: null
       Execute action successful after 0 ms
[INFO] org.appwork.install4j.donate.DonateLoadDetailsAction [ID 8796]: Execute action
       Property serverBase: https://payments.appwork.org/
       Property proxyVoleEnabled: true
       Property rollbackSupported: true
       Variable changed: donateEnabled=false[class java.lang.Boolean]
       Execute action successful after 0 ms
[INFO] com.install4j.runtime.beans.screens.StartupScreen [ID 1]: command: move 1 screens, executing actions, checking condition
[INFO] com.install4j.runtime.beans.screens.WelcomeScreen [ID 2]: Show screen
       thread name AWT-EventQueue-0
[ERROR] org.appwork.updatesys.transport.UpdateServerOfflineException: org.appwork.utils.net.BasicHTTP.BasicHTTPException: org.appwork.utils.net.BasicHTTP.InvalidResponseCode: Invalid ResponseCode: 502
org.appwork.updatesys.transport.UpdateServerOfflineException: org.appwork.utils.net.BasicHTTP.BasicHTTPException: org.appwork.utils.net.BasicHTTP.InvalidResponseCode: Invalid ResponseCode: 502
	at org.appwork.updatesys.client.defaultimpl.http.HttpClientImpl.handleException(HttpClientImpl.java:462)
	at org.appwork.updatesys.client.defaultimpl.http.HttpClientImpl.checkIfWeCanLeaveNow(HttpClientImpl.java:135)
	at org.appwork.updatesys.client.defaultimpl.http.HttpClientImpl.get(HttpClientImpl.java:352)
	at org.appwork.install4j.WebLogger$3.run(WebLogger.java:293)
Caused by: org.appwork.utils.net.BasicHTTP.BasicHTTPException: org.appwork.utils.net.BasicHTTP.InvalidResponseCode: Invalid ResponseCode: 502
	at org.appwork.utils.net.BasicHTTP.BasicHTTP.download(BasicHTTP.java:246)
	at org.appwork.utils.net.BasicHTTP.BasicHTTP.download(BasicHTTP.java:118)
	at org.appwork.updatesys.client.defaultimpl.http.HttpClientImpl.internalGetWithProxy(HttpClientImpl.java:663)
	at org.appwork.updatesys.client.defaultimpl.http.HttpClientImpl.get(HttpClientImpl.java:345)
	... 1 more
Caused by: org.appwork.utils.net.BasicHTTP.InvalidResponseCode: Invalid ResponseCode: 502
	at org.appwork.updatesys.client.defaultimpl.http.HttpBackend.createInvalidResponseCodeException(HttpBackend.java:56)
	at org.appwork.utils.net.BasicHTTP.BasicHTTP.checkResponseCode(BasicHTTP.java:67)
	at org.appwork.utils.net.BasicHTTP.BasicHTTP.download(BasicHTTP.java:192)
	... 4 more
[INFO] Variable changed: donateDetails={
  "defaultProviderID" : "paypal.com/plus/paypal",
  "defaultCurrency" : "USD",
  "recurringEnabled" : false,
  "paymentProvider" : [ {
    "id" : "paypal.com/plus/paypal",
    "cCode" : "EUR",
    "cSymbol" : "€",
    "recurring" : false,
    "amt" : 10.0,
    "amtSuggest" : [ 3.0, 5.0, 10.0, 20.0, 50.0, 100.0 ],
    "amtMin" : 1.0,
    "amtMax" : 1000.0,
    "localeName" : "PayPal.com",
    "api" : "ppp_paypal",
    "description" : null
  }, {
    "id" : "paypal.com/plus/paypal",
    "cCode" : "USD",
    "cSymbol" : "$",
    "recurring" : false,
    "amt" : 15.0,
    "amtSuggest" : [ 4.0, 8.0, 15.0, 30.0, 75.0, 150.0 ],
    "amtMin" : 1.0,
    "amtMax" : 1000.0,
    "localeName" : "PayPal.com",
    "api" : "ppp_paypal",
    "description" : null
  }, {
    "id" : "paypal.com/plus/credit_card",
    "cCode" : "EUR",
    "cSymbol" : "€",
    "recurring" : false,
    "amt" : 10.0,
    "amtSuggest" : [ 3.0, 5.0, 10.0, 20.0, 50.0, 100.0 ],
    "amtMin" : 1.0,
    "amtMax" : 1000.0,
    "localeName" : "Credit Card via PayPal.com",
    "api" : "ppp_credit_card",
    "description" : "Donate via Credit Card. The payment is operated by Paypal, but you do NOT need a Paypal Account."
  }, {
    "id" : "paypal.com/plus/credit_card",
    "cCode" : "USD",
    "cSymbol" : "$",
    "recurring" : false,
    "amt" : 15.0,
    "amtSuggest" : [ 4.0, 8.0, 15.0, 30.0, 75.0, 150.0 ],
    "amtMin" : 1.0,
    "amtMax" : 1000.0,
    "localeName" : "Credit Card via PayPal.com",
    "api" : "ppp_credit_card",
    "description" : "Donate via Credit Card. The payment is operated by Paypal, but you do NOT need a Paypal Account."
  }, {
    "id" : "coinbase.com",
    "cCode" : "XBT",
    "cSymbol" : "BTC",
    "recurring" : false,
    "amt" : 0.005,
    "amtSuggest" : [ 0.01, 0.02, 0.05, 0.1, 0.2, 0.5 ],
    "amtMin" : 1.0E-5,
    "amtMax" : 10.0,
    "localeName" : "coinbase.com",
    "api" : "coinbase",
    "description" : null
  }, {
    "id" : "paysafecard.com",
    "cCode" : "EUR",
    "cSymbol" : "€",
    "recurring" : false,
    "amt" : 10.0,
    "amtSuggest" : [ 3.0, 5.0, 10.0, 20.0, 50.0, 100.0 ],
    "amtMin" : 1.0,
    "amtMax" : 1000.0,
    "localeName" : "paysafecard.com",
    "api" : "psc_EUR",
    "description" : null
  }, {
    "id" : "paysafecard.com",
    "cCode" : "USD",
    "cSymbol" : "$",
    "recurring" : false,
    "amt" : 15.0,
    "amtSuggest" : [ 4.0, 8.0, 15.0, 30.0, 75.0, 150.0 ],
    "amtMin" : 1.0,
    "amtMax" : 1000.0,
    "localeName" : "paysafecard.com",
    "api" : "psc_USD",
    "description" : null
  } ],
  "defaultProvider" : 1,
  "enabled" : true,
  "defaultAmount" : 10,
  "categories" : [ {
    "category" : "GENEREL",
    "label" : "Nothing special - JD Development in general",
    "priority" : 10000
  }, {
    "category" : "ADFREE",
    "label" : "Keep JDownloader Ad-free",
    "priority" : 4830
  }, {
    "category" : "ROCK_N_ROLL",
    "label" : "Sex, drugs & Rock'n'Roll for all developers",
    "priority" : 3347
  }, {
    "category" : "CAPTCHA",
    "label" : "Improve the captcha recognition",
    "priority" : 1037
  }, {
    "category" : "GUI",
    "label" : "Improve the User Interface",
    "priority" : 413
  }, {
    "category" : "STREAM",
    "label" : "New Feature: Streaming - listen or watch WHILE downloading",
    "priority" : 298
  }, {
    "category" : "OTHER",
    "label" : "Something different...(add a note below)",
    "priority" : 264
  }, {
    "category" : "PLUGINS",
    "label" : "Support more websites",
    "priority" : 183
  }, {
    "category" : "MYJD",
    "label" : "Improve the my.jdownloader.org website(Remote Control)",
    "priority" : 128
  }, {
    "category" : "ANDROID",
    "label" : "Improve the android app",
    "priority" : 118
  }, {
    "category" : "SUPPORT",
    "label" : "For even better support",
    "priority" : 113
  }, {
    "category" : "HEADLESS",
    "label" : "Improve the headless version",
    "priority" : 110
  }, {
    "category" : "UPLOAD",
    "label" : "New Feature: Upload - Upload files to Cloud Storage or choose Cloud Storage as Download destination.",
    "priority" : 52
  } ]
}[class java.lang.String]
[INFO] Variable changed: donateEnabled=true[class java.lang.Boolean]
[INFO] Variable changed: logID=c1070ac11a4fdf940d50ff09d8df74dc[class java.lang.String]
[INFO] Variable changed: donateServerBase=https://payments.appwork.org/[class java.lang.String]
[INFO] org.appwork.install4j.WebLogger [ID 7218]: Execute action
       Property path: null
       Property action: none/gui
       Property proxyVoleEnabled: true
       Property rollbackSupported: true
       Variable changed: logID=846017c7534928726cafb97f7e6d9599[class java.lang.String]
       Execute action successful after 4 ms
[INFO] com.install4j.runtime.beans.screens.WelcomeScreen [ID 2]: command: move 1 screens, executing actions, checking condition
[INFO] com.install4j.runtime.beans.screens.BannerFormScreen [ID 1214]: Show screen
[ERROR] com.install4j.runtime.beans.screens.BannerFormScreen [ID 1214]: org.appwork.updatesys.transport.UpdateServerOfflineException: org.appwork.utils.net.BasicHTTP.BasicHTTPException: org.appwork.utils.net.BasicHTTP.InvalidResponseCode: Invalid ResponseCode: 502
org.appwork.updatesys.transport.UpdateServerOfflineException: org.appwork.utils.net.BasicHTTP.BasicHTTPException: org.appwork.utils.net.BasicHTTP.InvalidResponseCode: Invalid ResponseCode: 502
	at org.appwork.updatesys.client.defaultimpl.http.HttpClientImpl.handleException(HttpClientImpl.java:462)
	at org.appwork.updatesys.client.defaultimpl.http.HttpClientImpl.checkIfWeCanLeaveNow(HttpClientImpl.java:135)
	at org.appwork.updatesys.client.defaultimpl.http.HttpClientImpl.get(HttpClientImpl.java:352)
	at org.appwork.install4j.WebLogger$3.run(WebLogger.java:295)
Caused by: org.appwork.utils.net.BasicHTTP.BasicHTTPException: org.appwork.utils.net.BasicHTTP.InvalidResponseCode: Invalid ResponseCode: 502
	at org.appwork.utils.net.BasicHTTP.BasicHTTP.download(BasicHTTP.java:246)
	at org.appwork.utils.net.BasicHTTP.BasicHTTP.download(BasicHTTP.java:118)
	at org.appwork.updatesys.client.defaultimpl.http.HttpClientImpl.internalGetWithProxy(HttpClientImpl.java:663)
	at org.appwork.updatesys.client.defaultimpl.http.HttpClientImpl.get(HttpClientImpl.java:345)
	... 1 more
Caused by: org.appwork.utils.net.BasicHTTP.InvalidResponseCode: Invalid ResponseCode: 502
	at org.appwork.updatesys.client.defaultimpl.http.HttpBackend.createInvalidResponseCodeException(HttpBackend.java:56)
	at org.appwork.utils.net.BasicHTTP.BasicHTTP.checkResponseCode(BasicHTTP.java:67)
	at org.appwork.utils.net.BasicHTTP.BasicHTTP.download(BasicHTTP.java:192)
	... 4 more
        org.appwork.updatesys.transport.UpdateServerOfflineException: org.appwork.utils.net.BasicHTTP.BasicHTTPException: org.appwork.utils.net.BasicHTTP.InvalidResponseCode: Invalid ResponseCode: 502
org.appwork.updatesys.transport.UpdateServerOfflineException: org.appwork.utils.net.BasicHTTP.BasicHTTPException: org.appwork.utils.net.BasicHTTP.InvalidResponseCode: Invalid ResponseCode: 502
	at org.appwork.updatesys.client.defaultimpl.http.HttpClientImpl.handleException(HttpClientImpl.java:462)
	at org.appwork.updatesys.client.defaultimpl.http.HttpClientImpl.checkIfWeCanLeaveNow(HttpClientImpl.java:135)
	at org.appwork.updatesys.client.defaultimpl.http.HttpClientImpl.get(HttpClientImpl.java:352)
	at org.appwork.install4j.WebLogger$3.run(WebLogger.java:293)
Caused by: org.appwork.utils.net.BasicHTTP.BasicHTTPException: org.appwork.utils.net.BasicHTTP.InvalidResponseCode: Invalid ResponseCode: 502
	at org.appwork.utils.net.BasicHTTP.BasicHTTP.download(BasicHTTP.java:246)
	at org.appwork.utils.net.BasicHTTP.BasicHTTP.download(BasicHTTP.java:118)
	at org.appwork.updatesys.client.defaultimpl.http.HttpClientImpl.internalGetWithProxy(HttpClientImpl.java:663)
	at org.appwork.updatesys.client.defaultimpl.http.HttpClientImpl.get(HttpClientImpl.java:345)
	... 1 more
Caused by: org.appwork.utils.net.BasicHTTP.InvalidResponseCode: Invalid ResponseCode: 502
	at org.appwork.updatesys.client.defaultimpl.http.HttpBackend.createInvalidResponseCodeException(HttpBackend.java:56)
	at org.appwork.utils.net.BasicHTTP.BasicHTTP.checkResponseCode(BasicHTTP.java:67)
	at org.appwork.utils.net.BasicHTTP.BasicHTTP.download(BasicHTTP.java:192)
	... 4 more
[INFO] com.install4j.runtime.beans.screens.BannerFormScreen [ID 1214]: command: move 1 screens, executing actions, checking condition
[INFO] com.install4j.runtime.beans.screens.InstallationDirectoryScreen [ID 6099]: Show screen
       checking writable with maximum
[INFO] com.install4j.runtime.beans.screens.InstallationDirectoryScreen [ID 6099]: command: move 1 screens, executing actions, checking condition
[INFO] com.install4j.runtime.beans.screens.AdditionalConfirmationsScreen [ID 980]: Show screen
       Variable changed: createDesktopLinkAction=true[class java.lang.Boolean]
       Variable changed: createQuicklaunchIconAction=true[class java.lang.Boolean]
       Variable changed: addToDockAction=true[class java.lang.Boolean]
[INFO] com.install4j.runtime.beans.screens.AdditionalConfirmationsScreen [ID 980]: command: move 1 screens, executing actions, checking condition
[INFO] com.install4j.runtime.beans.screens.InstallationScreen [ID 8]: Show screen
[INFO] com.install4j.runtime.beans.actions.InstallFilesAction [ID 9]: Execute action
       Property checkFreeSpace: true
       Property installRuntime: true
       Property saveDownloadedFiles: false
       Property validateApplicationId: false
       Property sizeCalculatorScript: null
       Property updateBundledJre: true
       Property triggerReboot: true
       Property delay: false
       Property directoryResolverScript: null
       Property fileFilterScript: null
       Property showFileNames: true
       Property rollbackSupported: true
       Install file: /Users/emir/bin/JDownloader 2.0/.install4j/Messages.bundle/Contents/Resources/de.lproj/Localizable.strings; size: 498 bytes; exists: true
       File options set to: [fileTime: Fri Mar 20 17:11:22 PDT 2015, mode: 644, overwriteMode: Always ask except for update, shared: false, uninstallMode: If created, delayIfNecessary: false]
       Install file: /Users/emir/bin/JDownloader 2.0/.install4j/Messages.bundle/Contents/Resources/en.lproj/Localizable.strings; size: 478 bytes; exists: true
       Install file: /Users/emir/bin/JDownloader 2.0/JDownloader.jar; size: 2730417 bytes; exists: true
       File options set to: [fileTime: Fri Mar 20 17:11:22 PDT 2015, mode: 644, overwriteMode: Always, shared: false, uninstallMode: If created, delayIfNecessary: false]
       Install file: /Users/emir/bin/JDownloader 2.0/JDownloader2.app/Contents/Info.plist; size: 3389 bytes; exists: true
       File options set to: [fileTime: Fri Mar 20 17:11:22 PDT 2015, mode: 644, overwriteMode: Always ask except for update, shared: false, uninstallMode: If created, delayIfNecessary: false]
       Install file: /Users/emir/bin/JDownloader 2.0/JDownloader2.app/Contents/MacOS/JavaApplicationStub; size: 53792 bytes; exists: true
       File options set to: [fileTime: Fri Mar 20 17:11:22 PDT 2015, mode: 755, overwriteMode: Always, shared: false, uninstallMode: If created, delayIfNecessary: false]
       Install file: /Users/emir/bin/JDownloader 2.0/JDownloader2.app/Contents/PkgInfo; size: 8 bytes; exists: true
       File options set to: [fileTime: Fri Mar 20 17:11:22 PDT 2015, mode: 644, overwriteMode: Always ask except for update, shared: false, uninstallMode: If created, delayIfNecessary: false]
       Install file: /Users/emir/bin/JDownloader 2.0/JDownloader2.app/Contents/Resources/app.icns; size: 378914 bytes; exists: true
       Install file: /Users/emir/bin/JDownloader 2.0/JDownloader2.app/Contents/Resources/i4jlauncher.config; size: 2398 bytes; exists: true
       Install file: /Users/emir/bin/JDownloader 2.0/JDownloader2.app/Contents/_CodeSignature/CodeResources; size: 2946 bytes; exists: true
       Install file: /Users/emir/bin/JDownloader 2.0/JDownloader Uninstaller.app/Contents/Info.plist; size: 1998 bytes; exists: true
       Install file: /Users/emir/bin/JDownloader 2.0/JDownloader Uninstaller.app/Contents/MacOS/JavaApplicationStub; size: 53792 bytes; exists: true
       File options set to: [fileTime: Fri Mar 20 17:11:22 PDT 2015, mode: 755, overwriteMode: Always, shared: false, uninstallMode: If created, delayIfNecessary: false]
       Install file: /Users/emir/bin/JDownloader 2.0/JDownloader Uninstaller.app/Contents/PkgInfo; size: 8 bytes; exists: true
       File options set to: [fileTime: Fri Mar 20 17:11:22 PDT 2015, mode: 644, overwriteMode: Always ask except for update, shared: false, uninstallMode: If created, delayIfNecessary: false]
       Install file: /Users/emir/bin/JDownloader 2.0/JDownloader Uninstaller.app/Contents/Resources/app.icns; size: 378914 bytes; exists: true
       Install file: /Users/emir/bin/JDownloader 2.0/JDownloader Uninstaller.app/Contents/Resources/i4jlauncher.config; size: 2383 bytes; exists: true
       Install file: /Users/emir/bin/JDownloader 2.0/JDownloader Uninstaller.app/Contents/_CodeSignature/CodeResources; size: 2946 bytes; exists: true
       Install file: /Users/emir/bin/JDownloader 2.0/.install4j/inst_jre.cfg; size: 65 bytes; exists: true
       File options set to: [fileTime: Sun Nov 19 15:34:37 PST 2017, mode: 644, overwriteMode: Always, shared: false, uninstallMode: If created, delayIfNecessary: false]
       Install file: /Users/emir/bin/JDownloader 2.0/.install4j/i4jruntime.jar; size: 1004926 bytes; exists: true
       File options set to: [fileTime: Sun Nov 19 15:34:37 PST 2017, mode: 644, overwriteMode: Always, shared: false, uninstallMode: Always, delayIfNecessary: false]
       Install file: /Users/emir/bin/JDownloader 2.0/.install4j/MessagesDefault; size: 32732 bytes; exists: true
       Install file: /Users/emir/bin/JDownloader 2.0/.install4j/i4jparams.conf; size: 72991 bytes; exists: true
       Install file: /Users/emir/bin/JDownloader 2.0/.install4j/stats.properties; size: 307 bytes; exists: true
       Install file: /Users/emir/bin/JDownloader 2.0/.install4j/user.jar; size: 167764 bytes; exists: true
       Install file: /Users/emir/bin/JDownloader 2.0/.install4j/user/add.png; size: 601 bytes; exists: true
       Install file: /Users/emir/bin/JDownloader 2.0/.install4j/user/bitcoin_large.png; size: 4113 bytes; exists: true
       Install file: /Users/emir/bin/JDownloader 2.0/.install4j/user/paypal_large.png; size: 4473 bytes; exists: true
       Install file: /Users/emir/bin/JDownloader 2.0/.install4j/user/paysafecard_large.png; size: 4249 bytes; exists: true
       Install file: /Users/emir/bin/JDownloader 2.0/.install4j/user/proxyVole.jar; size: 195181 bytes; exists: true
       Install file: /Users/emir/bin/JDownloader 2.0/.install4j/user/tafel_herz.png; size: 67374 bytes; exists: true
       Install file: /Users/emir/bin/JDownloader 2.0/.install4j/install4j; size: 30528 bytes; exists: true
       File options set to: [fileTime: Sun Nov 19 15:34:37 PST 2017, mode: 755, overwriteMode: Always, shared: false, uninstallMode: Always, delayIfNecessary: false]
       Install file: /Users/emir/bin/JDownloader 2.0/.install4j/i4j_extf_0_69g5ss.utf8; size: 32732 bytes; exists: true
       File options set to: [fileTime: Sun Nov 19 15:34:37 PST 2017, mode: 644, overwriteMode: Always, shared: false, uninstallMode: Always, delayIfNecessary: false]
       Install file: /Users/emir/bin/JDownloader 2.0/.install4j/i4j_extf_1_69g5ss.utf8; size: 4744 bytes; exists: true
       Install file: /Users/emir/bin/JDownloader 2.0/.install4j/i4j_extf_2_69g5ss.utf8; size: 35468 bytes; exists: true
       Install file: /Users/emir/bin/JDownloader 2.0/.install4j/i4j_extf_3_69g5ss.utf8; size: 4326 bytes; exists: true
       Install file: /Users/emir/bin/JDownloader 2.0/.install4j/i4j_extf_4_69g5ss_yklgyb.png; size: 9749 bytes; exists: true
       Install file: /Users/emir/bin/JDownloader 2.0/.install4j/i4j_extf_5_69g5ss_14qfchv.png; size: 3683 bytes; exists: true
       Install file: /Users/emir/bin/JDownloader 2.0/.install4j/i4j_extf_6_69g5ss_1jb375m.png; size: 3064 bytes; exists: true
       Install file: /Users/emir/bin/JDownloader 2.0/.install4j/i4j_extf_7_69g5ss_1pcd4ys.png; size: 6081 bytes; exists: true
       Install file: /Users/emir/bin/JDownloader 2.0/.install4j/i4j_extf_8_69g5ss_jbdzbb.png; size: 2037 bytes; exists: true
       Install file: /Users/emir/bin/JDownloader 2.0/.install4j/i4j_extf_9_69g5ss_1kdboqw.ico; size: 187105 bytes; exists: true
       Execute action successful after 3804 ms
[INFO] org.appwork.install4j.WebLogger [ID 7072]: Execute action
       Property path: null
       Property action: none/installed
       Property proxyVoleEnabled: true
       Property rollbackSupported: true
       Variable changed: logID=576db7771dc9fcef545ff04b0037f085[class java.lang.String]
       Execute action successful after 4 ms
[INFO] com.install4j.runtime.beans.actions.control.SetProgressAction [ID 6890]: Execute action
       Property rollbackSupported: false
       Property percentValue: -1
       Property progressChangeType: Set indeterminate state
       Property timerMaxPercentValue: 100
       Property timerPeriod: 1000
       Execute action successful after 1 ms
[INFO] com.install4j.runtime.beans.actions.control.SetMessageAction [ID 7781]: Execute action
       Property rollbackSupported: false
       Property statusMessage: Search old Installations
       Property useDetail: false
       Property useStatus: true
       Property detailMessage: 
       Execute action successful after 0 ms
[INFO] org.appwork.install4j.SearchJD1Installation [ID 7779]: Execute action
       Property rollbackSupported: true
       Preset Config null
       Search in Folder: /Users/emir/bin/JDownloader 2.0
       Search in Folder: /Users/emir/bin/JDownloader 2.0/.install4j
       Search in Folder: /Users/emir/bin/JDownloader 2.0/cfg
       Search in Folder: /Users/emir/bin/JDownloader 2.0/JDownloader Uninstaller.app
       Search in Folder: /Users/emir/bin/JDownloader 2.0/JDownloader2.app
       Search in Folder: /Users/emir/bin/JDownloader 2.0/update
       Search in Folder: /Users/emir/bin/JDownloader 2.0/.install4j
       Search in Folder: /Users/emir/bin/JDownloader 2.0/cfg
       Search in Folder: /Users/emir/bin/JDownloader 2.0/JDownloader Uninstaller.app
       Search in Folder: /Users/emir/bin/JDownloader 2.0/JDownloader2.app
       Search in Folder: /Users/emir/bin/JDownloader 2.0/update
       Search in Folder: /Users/emir/.adobe
       Search in Folder: /Users/emir/.android
       Search in Folder: /Users/emir/.argouml
       Search in Folder: /Users/emir/.atom
       Search in Folder: /Users/emir/.avidemux6
       Search in Folder: /Users/emir/.bash_sessions
       Search in Folder: /Users/emir/.bitmonero
       Search in Folder: /Users/emir/.bomgar-scc-cb
       Search in Folder: /Users/emir/.buckconfig.d
       Search in Folder: /Users/emir/.bundler
       Search in Folder: /Users/emir/.cabal
       Search in Folder: /Users/emir/.cache
       Search in Folder: /Users/emir/.cargo
       Search in Folder: /Users/emir/.cisco
       Search in Folder: /Users/emir/.cocoapods
       Search in Folder: /Users/emir/.codeintel
       Search in Folder: /Users/emir/.composer
       Search in Folder: /Users/emir/.config
       Search in Folder: /Users/emir/.cpan
       Search in Folder: /Users/emir/.cups
       Search in Folder: /Users/emir/.dartium
       Search in Folder: /Users/emir/.dbus-keyrings
       Search in Folder: /Users/emir/.dropbox
       Search in Folder: /Users/emir/.dub
       Search in Folder: /Users/emir/.dvdcss
       Search in Folder: /Users/emir/.ecore_log
       Search in Folder: /Users/emir/.emacs.d
       Search in Folder: /Users/emir/.Epubor_Keys
       Search in Folder: /Users/emir/.flickr
       Search in Folder: /Users/emir/.flickr-downloadr
       Search in Folder: /Users/emir/.fontconfig
       Search in Folder: /Users/emir/.gconf
       Search in Folder: /Users/emir/.gconfd
       Search in Folder: /Users/emir/.gem
       Search in Folder: /Users/emir/.ghc
       Search in Folder: /Users/emir/.git-credential-cache
       Search in Folder: /Users/emir/.gnome2
       Search in Folder: /Users/emir/.gnupg
       Search in Folder: /Users/emir/.gradle
       Search in Folder: /Users/emir/.hex
       Search in Folder: /Users/emir/.inkscape-etc
       Search in Folder: /Users/emir/.inputrc
       Search in Folder: /Users/emir/.ipython
       Search in Folder: /Users/emir/.ivy2
       Search in Folder: /Users/emir/.komodotools
       Search in Folder: /Users/emir/.lighttable
       Search in Folder: /Users/emir/.limebox
       Search in Folder: /Users/emir/.lldbinit
       Search in Folder: /Users/emir/.local
       Search in Folder: /Users/emir/.m2
       Search in Folder: /Users/emir/.macports
       Search in Folder: /Users/emir/.matplotlib
       Search in Folder: /Users/emir/.megaCmd
       Search in Folder: /Users/emir/.mix
       Search in Folder: /Users/emir/.mplayer
       Search in Folder: /Users/emir/.netbeans
       Search in Folder: /Users/emir/.node-gyp
       Search in Folder: /Users/emir/.npm
       Search in Folder: /Users/emir/.nvm
       Search in Folder: /Users/emir/.nx
       Search in Folder: /Users/emir/.ocp
       Search in Folder: /Users/emir/.opam
       Search in Folder: /Users/emir/.openvpn
       Search in Folder: /Users/emir/.oracle_jre_usage
       Search in Folder: /Users/emir/.pub-cache
       Search in Folder: /Users/emir/.pylint.d
       Search in Folder: /Users/emir/.python-eggs
       Search in Folder: /Users/emir/.qt
       Search in Folder: /Users/emir/.reincubate
       Search in Folder: /Users/emir/.retroshare
       Search in Folder: /Users/emir/.rstudio-desktop
       Search in Folder: /Users/emir/.sbt
       Search in Folder: /Users/emir/.spyder2
       Search in Folder: /Users/emir/.ssh
       Search in Folder: /Users/emir/.ssh_new_1234567890
       Search in Folder: /Users/emir/.subversion
       Search in Folder: /Users/emir/.subversion_IDEA
       Search in Folder: /Users/emir/.TemporaryItems
       Search in Folder: /Users/emir/.thumbnails
       Search in Folder: /Users/emir/.Trash
       Search in Folder: /Users/emir/.Ultimate
       Search in Folder: /Users/emir/.vim
       Search in Folder: /Users/emir/.wapi
       Search in Folder: /Users/emir/.xnviewmp
       Search in Folder: /Users/emir/.zend
       Search in Folder: /Users/emir/_dropbox
       Search in Folder: /Users/emir/Amazon Drive
       Search in Folder: /Users/emir/Applications
       Search in Folder: /Users/emir/Archived
       Search in Folder: /Users/emir/atom
       Search in Folder: /Users/emir/bin
       Search in Folder: /Users/emir/buck-cache
       Search in Folder: /Users/emir/Bus schedule
       Search in Folder: /Users/emir/cali_core
       Search in Folder: /Users/emir/cloud
       Search in Folder: /Users/emir/Creative Cloud Files
       Search in Folder: /Users/emir/Dating Materials
       Search in Folder: /Users/emir/Desktop
       Search in Folder: /Users/emir/Documents
       Search in Folder: /Users/emir/Downloads
       Search in Folder: /Users/emir/drold
       Search in Folder: /Users/emir/Dropbox
       Search in Folder: /Users/emir/Dropbox (Facebook)
       Search in Folder: /Users/emir/Dropbox (Personal)
       Search in Folder: /Users/emir/Favorite
       Search in Folder: /Users/emir/Google Drive
       Search in Folder: /Users/emir/ittai
       Search in Folder: /Users/emir/JS user scripts
       Search in Folder: /Users/emir/kindle
       Search in Folder: /Users/emir/lib
       Search in Folder: /Users/emir/Library
       Search in Folder: /Users/emir/MEGAsync
       Search in Folder: /Users/emir/Monero
       Search in Folder: /Users/emir/Movies
       Search in Folder: /Users/emir/Music
       Search in Folder: /Users/emir/node_modules
       Search in Folder: /Users/emir/Packages
       Search in Folder: /Users/emir/perl5
       Search in Folder: /Users/emir/Pictures
       Search in Folder: /Users/emir/Public
       Search in Folder: /Users/emir/share
       Search in Folder: /Users/emir/Sites
       Search in Folder: /Users/emir/src
       Search in Folder: /Users/emir/tmp
       Search in Folder: /Users/emir/Ultimate
       Search in Folder: /Applications/Adobe
       Search in Folder: /Applications/Adobe Creative Cloud
       Search in Folder: /Applications/Adobe Extension Manager CC
       Search in Folder: /Applications/Adobe Lightroom CC
       Search in Folder: /Applications/Adobe Lightroom Classic CC
       Search in Folder: /Applications/Adobe Photoshop CC 2017
       Search in Folder: /Applications/Adobe Photoshop CC 2018
       Search in Folder: /Applications/Amazon Drive.app
       Search in Folder: /Applications/Amazon Music.app
       Search in Folder: /Applications/App Store.app
       Search in Folder: /Applications/Atom.app
       Search in Folder: /Applications/Audacity
       Search in Folder: /Applications/Automator.app
       Search in Folder: /Applications/Avidemux2.6.app
       Search in Folder: /Applications/Backup and Sync.app
       Search in Folder: /Applications/Blue Jeans.app
       Search in Folder: /Applications/Calculator.app
       Search in Folder: /Applications/Calendar.app
       Search in Folder: /Applications/CarbonBlack
       Search in Folder: /Applications/Chess.app
       Search in Folder: /Applications/CHM Reader.app
       Search in Folder: /Applications/Cisco
       Search in Folder: /Applications/Contacts.app
       Search in Folder: /Applications/DaisyDisk.app
       Search in Folder: /Applications/Dashboard.app
       Search in Folder: /Applications/Day One.app
       Search in Folder: /Applications/Dictionary.app
       Search in Folder: /Applications/Disk Inventory X.app
       Search in Folder: /Applications/Divvy.app
       Search in Folder: /Applications/Dropbox.app
       Search in Folder: /Applications/DVD Player.app
       Search in Folder: /Applications/FaceTime.app
       Search in Folder: /Applications/Firefox.app
       Search in Folder: /Applications/Flux.app
       Search in Folder: /Applications/Font Book.app
       Search in Folder: /Applications/Google Chrome.app
       Search in Folder: /Applications/Google Drive.app
       Search in Folder: /Applications/GoToMeeting
       Search in Folder: /Applications/Hive
       Search in Folder: /Applications/iBooks.app
       Search in Folder: /Applications/iHex.app
       Search in Folder: /Applications/Image Capture.app
       Search in Folder: /Applications/Inkscape.app
       Search in Folder: /Applications/Insta360Player.app
       Search in Folder: /Applications/Insta360Studio.app
       Search in Folder: /Applications/IT Technical Support.app
       Search in Folder: /Applications/iTerm 2.app
       Search in Folder: /Applications/iTerm.app
       Search in Folder: /Applications/iTunes.app
       Search in Folder: /Applications/Keka.app
       Search in Folder: /Applications/Kindle.app
       Search in Folder: /Applications/Launchpad.app
       Search in Folder: /Applications/Mail.app
       Search in Folder: /Applications/MAMP
       Search in Folder: /Applications/MAMP PRO
       Search in Folder: /Applications/Managed Software Center.app
       Search in Folder: /Applications/Maps.app
       Search in Folder: /Applications/MEGAcmd.app
       Search in Folder: /Applications/Messages.app
       Search in Folder: /Applications/Microsoft Communicator.app
       Search in Folder: /Applications/Microsoft Excel.app
       Search in Folder: /Applications/Microsoft OneNote.app
       Search in Folder: /Applications/Microsoft Outlook.app
       Search in Folder: /Applications/Microsoft PowerPoint.app
       Search in Folder: /Applications/Microsoft Silverlight
       Search in Folder: /Applications/Microsoft Word.app
       Search in Folder: /Applications/Mission Control.app
       Search in Folder: /Applications/Nik Collection
       Search in Folder: /Applications/Notes.app
       Search in Folder: /Applications/ocenaudio.app
       Search in Folder: /Applications/Photo Booth.app
       Search in Folder: /Applications/Photos.app
       Search in Folder: /Applications/Pixelcloud.app
       Search in Folder: /Applications/Preview.app
       Search in Folder: /Applications/QuickTime Player.app
       Search in Folder: /Applications/R.app
       Search in Folder: /Applications/Reminders.app
       Search in Folder: /Applications/Remote Desktop Connection.app
       Search in Folder: /Applications/Safari.app
       Search in Folder: /Applications/Self Service.app
       Search in Folder: /Applications/Send to Kindle
       Search in Folder: /Applications/Sequential.app
       Search in Folder: /Applications/Siri.app
       Search in Folder: /Applications/Skype.app
       Search in Folder: /Applications/Sonar.app
       Search in Folder: /Applications/StarStaX.app
       Search in Folder: /Applications/Stellarium.app
       Search in Folder: /Applications/Stickies.app
       Search in Folder: /Applications/Sublime Text.app
       Search in Folder: /Applications/System Preferences.app
       Search in Folder: /Applications/TeX
       Search in Folder: /Applications/TextEdit.app
       Search in Folder: /Applications/Textual.app
       Search in Folder: /Applications/The Unarchiver.app
       Search in Folder: /Applications/Time Machine.app
       Search in Folder: /Applications/Time Out.app
       Search in Folder: /Applications/Topaz DeNoise 6.app
       Search in Folder: /Applications/Topaz Labs
       Search in Folder: /Applications/Topaz ReMask 5.app
       Search in Folder: /Applications/Tunnelblick.app
       Search in Folder: /Applications/Utilities
       Search in Folder: /Applications/uTorrent.app
       Search in Folder: /Applications/VirtualBox.app
       Search in Folder: /Applications/VLC.app
       Search in Folder: /Applications/WD Drive Utilities Uninstaller.app
       Search in Folder: /Applications/WD Drive Utilities.app
       Search in Folder: /Applications/WD Security.app
       Search in Folder: /Applications/Wunderlist.app
       Search in Folder: /Users/emir/Applications/Chrome Apps.localized
       Search in Folder: /Users/emir/Applications/Utilities
       Scripts found []
       Best null
       Variable changed: JD09_CONFIG=null
       Execute action successful after 13 ms
[INFO] org.appwork.install4j.updatesys.Webinstaller [ID 6420]: Execute action
       Property publicKey: MIIBIjANBgkqhkiG9w0BAQEFAAOCAQ8AMIIBCgKCAQEAxKoqP5C4dw4Q+Tck6k+ib3Mi3GbkTKOc1mU+LhuBItSpMrc1HfCamEuL2KHl/S7vuh7Q2zi+xZWAkg/Nm2IK650/PMeDYMrsfwIJJNVtJbDUwr65W5Fu/Smn9CvOoo3+UYd+UVRdfjv81BRlPEudWjZUkJAwZV72hOcpAhmj1Y26RVuUk513EfFTTAXEbePwIPvUuzdSIFq2jH87ZDCVNebYUXOqHdNZVGlX93ipnXlYxs6Nlp84N7RtXIbtohGD/1FvCRy0vK+zXrNtOkHrVfBWCy/d9bnWSOGJ5qgFKp9yxRGQWz1fnr5uOjBhc07IpCGUfmW545GIFV/PJ1E37wIDAQAB
       Property proxyVoleEnabled: true
       Property appID: JD
       Property updaterID: JDU
       Property rollbackSupported: true
[ERROR] org.appwork.install4j.updatesys.Webinstaller [ID 6420]: org.appwork.updatesys.transport.UpdateServerOfflineException: org.appwork.utils.net.BasicHTTP.BasicHTTPException: org.appwork.utils.net.BasicHTTP.InvalidResponseCode: Invalid ResponseCode: 502
org.appwork.updatesys.transport.UpdateServerOfflineException: org.appwork.utils.net.BasicHTTP.BasicHTTPException: org.appwork.utils.net.BasicHTTP.InvalidResponseCode: Invalid ResponseCode: 502
	at org.appwork.updatesys.client.defaultimpl.http.HttpClientImpl.handleException(HttpClientImpl.java:462)
	at org.appwork.updatesys.client.defaultimpl.http.HttpClientImpl.checkIfWeCanLeaveNow(HttpClientImpl.java:135)
	at org.appwork.updatesys.client.defaultimpl.http.HttpClientImpl.get(HttpClientImpl.java:352)
	at org.appwork.install4j.WebLogger$3.run(WebLogger.java:293)
Caused by: org.appwork.utils.net.BasicHTTP.BasicHTTPException: org.appwork.utils.net.BasicHTTP.InvalidResponseCode: Invalid ResponseCode: 502
	at org.appwork.utils.net.BasicHTTP.BasicHTTP.download(BasicHTTP.java:246)
	at org.appwork.utils.net.BasicHTTP.BasicHTTP.download(BasicHTTP.java:118)
	at org.appwork.updatesys.client.defaultimpl.http.HttpClientImpl.internalGetWithProxy(HttpClientImpl.java:663)
	at org.appwork.updatesys.client.defaultimpl.http.HttpClientImpl.get(HttpClientImpl.java:345)
	... 1 more
Caused by: org.appwork.utils.net.BasicHTTP.InvalidResponseCode: Invalid ResponseCode: 502
	at org.appwork.updatesys.client.defaultimpl.http.HttpBackend.createInvalidResponseCodeException(HttpBackend.java:56)
	at org.appwork.utils.net.BasicHTTP.BasicHTTP.checkResponseCode(BasicHTTP.java:67)
	at org.appwork.utils.net.BasicHTTP.BasicHTTP.download(BasicHTTP.java:192)
	... 4 more
[INFO] org.appwork.install4j.updatesys.Webinstaller [ID 6420]: Variable changed: proxy=org.appwork.utils.net.httpconnection.HTTPProxyStorable@76f7d241[class org.appwork.utils.net.httpconnection.HTTPProxyStorable]
       Execute action successful after 30176 ms
[INFO] com.install4j.runtime.beans.actions.control.SetProgressAction [ID 6889]: Execute action
       Property rollbackSupported: false
       Property percentValue: -1
       Property progressChangeType: Set percentage value
       Property timerMaxPercentValue: 100
       Property timerPeriod: 1000
       Execute action successful after 0 ms
[INFO] com.install4j.runtime.beans.actions.control.RunScriptAction [ID 6886]: Execute action
       Property script: I4jScript_Internal_751
       Property rollbackSupported: false
       Property rollbackScript: null
       Variable changed: proxylist=[][class java.util.ArrayList]
       Execute action successful after 2 ms
[INFO] com.install4j.runtime.beans.actions.control.RunScriptAction [ID 6552]: Execute action
       Property script: I4jScript_Internal_752
       Property rollbackSupported: false
       Property rollbackScript: null
       Execute action successful after 1 ms
[INFO] com.install4j.runtime.beans.actions.control.RunScriptAction [ID 6231]: Execute action
       Property script: I4jScript_Internal_753
       Property rollbackSupported: false
       Property rollbackScript: null
       Execute action successful after 0 ms
[INFO] com.install4j.runtime.beans.actions.files.AddWindowsFileRightsAction [ID 351]: Execute action
       Property rollbackSupported: false
       Property files: [.]
       Property execute: true
       Property sidOrAccountName: null
       Property group: Authenticated users
       Property all: true
       Property read: true
       Property write: true
       Execute action successful after 0 ms
[INFO] com.install4j.runtime.beans.actions.files.AddWindowsFileRightsAction [ID 352]: Execute action
       Property rollbackSupported: false
       Property files: [.]
       Property execute: true
       Property sidOrAccountName: null
       Property group: World
       Property all: true
       Property read: true
       Property write: true
       Execute action successful after 0 ms
[INFO] com.install4j.runtime.beans.actions.files.AddWindowsFileRightsAction [ID 353]: Execute action
       Property rollbackSupported: false
       Property files: [.]
       Property execute: true
       Property sidOrAccountName: null
       Property group: Administrators
       Property all: true
       Property read: true
       Property write: true
       Execute action successful after 0 ms
[INFO] com.install4j.runtime.beans.actions.files.AddWindowsFileRightsAction [ID 354]: Execute action
       Property rollbackSupported: false
       Property files: [.]
       Property execute: true
       Property sidOrAccountName: null
       Property group: Users
       Property all: true
       Property read: true
       Property write: true
       Execute action successful after 1 ms
[INFO] com.install4j.runtime.beans.actions.control.SetProgressAction [ID 5702]: Execute action
       Property rollbackSupported: false
       Property percentValue: 0
       Property progressChangeType: Set indeterminate state
       Property timerMaxPercentValue: 100
       Property timerPeriod: 1000
       Execute action successful after 0 ms
[INFO] com.install4j.runtime.beans.actions.control.SetMessageAction [ID 5704]: Execute action
       Property rollbackSupported: false
       Property statusMessage: Please wait. Completing Systemintegration.
       Property useDetail: false
       Property useStatus: true
       Property detailMessage: 
       Execute action successful after 0 ms
[INFO] com.install4j.runtime.beans.actions.desktop.CreateProgramGroupAction [ID 10]: Execute action
       Property categories: Network;Application
       Property linkDirectory: 
       Property programGroupEntryConfigs: []
       Property programGroupName: JDownloader
       Property uninstallerMenuName: JDownloader 2 Uninstaller
       Property addDefaultLauncherLinks: true
       Property addUninstaller: true
       Property allUsers: false
       Property failForSymlinksNotCreated: false
       Property unixMenuEntries: true
       Property unixSymlinks: true
       Property rollbackSupported: true
       Execute action successful after 0 ms
[INFO] com.install4j.runtime.beans.actions.desktop.RegisterAddRemoveAction [ID 11]: Execute action
       Property icon: null
       Property itemName: JDownloader 2
       Property persistentProperties: {}
       Property rollbackSupported: true
       Execute action successful after 0 ms
[INFO] com.install4j.runtime.beans.actions.desktop.AddToDockAction [ID 3475]: Execute action
       Property persistentProperties: {}
       Property executable: JDownloader2.app
       Property rollbackSupported: true
[ERROR] com.install4j.runtime.beans.actions.desktop.AddToDockAction [ID 3475]: removing not successful
[INFO] com.install4j.runtime.beans.actions.desktop.AddToDockAction [ID 3475]: Execute action successful after 535 ms
[INFO] com.install4j.runtime.beans.actions.desktop.CreateDesktopLinkAction [ID 3478]: Execute action
       Property name: JDownloader2
       Property file: JDownloader2.app
       Property description: 
       Property allUsers: true
       Property runAsAdministrator: false
       Property arguments: 
       Property macSingleBundleTarget: true
       Property startIn: null
       Property winIconFile: null
       Property rollbackSupported: true
       Execute action successful after 4 ms
[INFO] com.install4j.runtime.beans.actions.misc.AddVmOptionsAction [ID 8294]: Execute action
       Property vmOptions: [-Xmx512m]
       Property launcherId: 7561
       Property macosVmOptionsType: Contained in the application bundle
       Property rollbackSupported: true
       Execute action successful after 0 ms
[INFO] com.install4j.runtime.beans.actions.files.CreateSymlinkAction [ID 7419]: Execute action
       Property file: JDownloader2.app
       Property removeOnUninstall: true
       Property linkFile: /Users/emir/Applications/JDownloader2.app
       Property rollbackSupported: true
       Execute action successful after 1 ms
[INFO] com.install4j.runtime.beans.actions.files.CreateSymlinkAction [ID 7595]: Execute action
       Property file: JDownloader2.app
       Property removeOnUninstall: true
       Property linkFile: /Applications/JDownloader2.app
       Property rollbackSupported: true
       Execute action successful after 0 ms
[INFO] com.install4j.runtime.beans.actions.registry.DeleteRegistryItemAction [ID 6887]: Execute action
       Property valueName: installstatus
       Property keyName: Software\AppWork\JDownloader
       Property registryRoot: HKEY_CURRENT_USER
       Property onlyIfEmpty: false
       Property rollbackSupported: true
       Execute action successful after 1 ms
[INFO] com.install4j.runtime.beans.actions.registry.DeleteRegistryItemAction [ID 6888]: Execute action
       Property valueName: 
       Property keyName: Software\AppWork
       Property registryRoot: HKEY_CURRENT_USER
       Property onlyIfEmpty: false
       Property rollbackSupported: true
       Execute action successful after 0 ms
[INFO] org.appwork.install4j.MoveOldInstallation [ID 7965]: Execute action
       Property rollbackSupported: true
       Preset Config null
[ERROR] org.appwork.install4j.MoveOldInstallation [ID 7965]: Execute action not successful after 0 ms
[INFO] com.install4j.runtime.beans.screens.InstallationScreen [ID 8]: Rollback barrier reached
       command: move 1 screens, executing actions, checking condition
[INFO] org.appwork.install4j.donate.DonateScreen [ID 8655]: Show screen
       Variable changed: logID=4cf423859f19ce5209ce2af8bce7e852[class java.lang.String]
       Variable changed: DONATION_IN_PROGRESS=false[class java.lang.Boolean]
[ERROR] org.appwork.install4j.donate.DonateScreen [ID 8655]: org.appwork.updatesys.transport.UpdateServerOfflineException: org.appwork.utils.net.BasicHTTP.BasicHTTPException: org.appwork.utils.net.BasicHTTP.InvalidResponseCode: Invalid ResponseCode: 502
org.appwork.updatesys.transport.UpdateServerOfflineException: org.appwork.utils.net.BasicHTTP.BasicHTTPException: org.appwork.utils.net.BasicHTTP.InvalidResponseCode: Invalid ResponseCode: 502
	at org.appwork.updatesys.client.defaultimpl.http.HttpClientImpl.handleException(HttpClientImpl.java:462)
	at org.appwork.updatesys.client.defaultimpl.http.HttpClientImpl.checkIfWeCanLeaveNow(HttpClientImpl.java:135)
	at org.appwork.updatesys.client.defaultimpl.http.HttpClientImpl.get(HttpClientImpl.java:352)
	at org.appwork.install4j.WebLogger$3.run(WebLogger.java:295)
Caused by: org.appwork.utils.net.BasicHTTP.BasicHTTPException: org.appwork.utils.net.BasicHTTP.InvalidResponseCode: Invalid ResponseCode: 502
	at org.appwork.utils.net.BasicHTTP.BasicHTTP.download(BasicHTTP.java:246)
	at org.appwork.utils.net.BasicHTTP.BasicHTTP.download(BasicHTTP.java:118)
	at org.appwork.updatesys.client.defaultimpl.http.HttpClientImpl.internalGetWithProxy(HttpClientImpl.java:663)
	at org.appwork.updatesys.client.defaultimpl.http.HttpClientImpl.get(HttpClientImpl.java:345)
	... 1 more
Caused by: org.appwork.utils.net.BasicHTTP.InvalidResponseCode: Invalid ResponseCode: 502
	at org.appwork.updatesys.client.defaultimpl.http.HttpBackend.createInvalidResponseCodeException(HttpBackend.java:56)
	at org.appwork.utils.net.BasicHTTP.BasicHTTP.checkResponseCode(BasicHTTP.java:67)
	at org.appwork.utils.net.BasicHTTP.BasicHTTP.download(BasicHTTP.java:192)
	... 4 more
[INFO] org.appwork.install4j.donate.DonateScreen [ID 8655]: command: move 1 screens, executing actions, checking condition
[INFO] com.install4j.runtime.beans.screens.FinishedScreen [ID 12]: Show screen
       Variable changed: logID=602e8f779b4a4a496da870a3dfd5f845[class java.lang.String]
[ERROR] com.install4j.runtime.beans.screens.FinishedScreen [ID 12]: org.appwork.updatesys.transport.UpdateServerOfflineException: org.appwork.utils.net.BasicHTTP.BasicHTTPException: org.appwork.utils.net.BasicHTTP.InvalidResponseCode: Invalid ResponseCode: 502
org.appwork.updatesys.transport.UpdateServerOfflineException: org.appwork.utils.net.BasicHTTP.BasicHTTPException: org.appwork.utils.net.BasicHTTP.InvalidResponseCode: Invalid ResponseCode: 502
	at org.appwork.updatesys.client.defaultimpl.http.HttpClientImpl.handleException(HttpClientImpl.java:462)
	at org.appwork.updatesys.client.defaultimpl.http.HttpClientImpl.checkIfWeCanLeaveNow(HttpClientImpl.java:135)
	at org.appwork.updatesys.client.defaultimpl.http.HttpClientImpl.get(HttpClientImpl.java:352)
	at org.appwork.install4j.WebLogger$3.run(WebLogger.java:295)
Caused by: org.appwork.utils.net.BasicHTTP.BasicHTTPException: org.appwork.utils.net.BasicHTTP.InvalidResponseCode: Invalid ResponseCode: 502
	at org.appwork.utils.net.BasicHTTP.BasicHTTP.download(BasicHTTP.java:246)
	at org.appwork.utils.net.BasicHTTP.BasicHTTP.download(BasicHTTP.java:118)
	at org.appwork.updatesys.client.defaultimpl.http.HttpClientImpl.internalGetWithProxy(HttpClientImpl.java:663)
	at org.appwork.updatesys.client.defaultimpl.http.HttpClientImpl.get(HttpClientImpl.java:345)
	... 1 more
Caused by: org.appwork.utils.net.BasicHTTP.InvalidResponseCode: Invalid ResponseCode: 502
	at org.appwork.updatesys.client.defaultimpl.http.HttpBackend.createInvalidResponseCodeException(HttpBackend.java:56)
	at org.appwork.utils.net.BasicHTTP.BasicHTTP.checkResponseCode(BasicHTTP.java:67)
	at org.appwork.utils.net.BasicHTTP.BasicHTTP.download(BasicHTTP.java:192)
	... 4 more
[INFO] com.install4j.runtime.beans.screens.FinishedScreen [ID 12]: Variable changed: executeLauncherAction=true[class java.lang.Boolean]
[INFO] com.install4j.runtime.beans.actions.finish.ExecuteLauncherAction [ID 7706]: Execute action
       Property rollbackSupported: false
       Property arguments: null
       Property launcherId: 7561
       Execute action successful after 512 ms
[INFO] com.install4j.runtime.beans.screens.FinishedScreen [ID 12]: command: finish
       cleaning up
       Finished
